<?xml version="1.0" encoding="UTF-8"?>
<testsuite xmlns:xsi="http://www.w3.org/2001/XMLSchema-instance" xsi:noNamespaceSchemaLocation="https://maven.apache.org/surefire/maven-surefire-plugin/xsd/surefire-test-report-3.0.xsd" version="3.0" name="TestSuite" time="90.053" tests="20" errors="0" skipped="0" failures="0">
  <properties>
[...]
</properties>
  <testcase name="Verify_Url" classname="DemoMaven.MavenTest.OflineTest" time="0.016"/>
  <testcase name="verifyPageTitle" classname="DemoMaven.MavenTest.OflineTest" time="0.008"/>
  <testcase name="verify_title" classname="DemoMaven.MavenTest.OflineTest" time="0.227"/>
  <testcase name="SigninSession" classname="DemoMaven.MavenTest.OflineTest" time="0.052"/>
  <testcase name="Username" classname="DemoMaven.MavenTest.OflineTest" time="0.048"/>
  <testcase name="Password" classname="DemoMaven.MavenTest.OflineTest" time="0.096"/>
  <testcase name="check_Button_color" classname="DemoMaven.MavenTest.OflineTest" time="0.271"/>
  <testcase name="check_Links" classname="DemoMaven.MavenTest.OflineTest" time="0.185"/>
  <testcase name="blank_username_password" classname="DemoMaven.MavenTest.OflineTest" time="0.476"/>
  <testcase name="invalidusername_password" classname="DemoMaven.MavenTest.OflineTest" time="4.941"/>
  <testcase name="validUsername_Password" classname="DemoMaven.MavenTest.OflineTest" time="8.148"/>
  <testcase name="Verify_Url_DashBoard" classname="DemoMaven.MavenTest.OflineTest" time="0.028"/>
  <testcase name="verifyApplicationTitle_DashBoard" classname="DemoMaven.MavenTest.OflineTest" time="0.02"/>
  <testcase name="heading_Dashboard" classname="DemoMaven.MavenTest.OflineTest" time="2.099"/>
  <testcase name="click_OnUser" classname="DemoMaven.MavenTest.OflineTest" time="3.17"/>
  <testcase name="getTableData" classname="DemoMaven.MavenTest.OflineTest" time="8.149"/>
  <testcase name="Click_On_AddUser_Btn" classname="DemoMaven.MavenTest.OflineTest" time="2.923"/>
  <testcase name="Fill_Form" classname="DemoMaven.MavenTest.OflineTest" time="14.718"/>
  <testcase name="clickOn_OperatorBtn" classname="DemoMaven.MavenTest.OflineTest" time="10.338"/>
  <testcase name="logOutBtn" classname="DemoMaven.MavenTest.OflineTest" time="0.591"/>
</testsuite>